[0.022s] Invoking command in '/home/ros_master/mukus_robotics/build/wheel_rpm_pipeline': /usr/bin/cmake /home/ros_master/mukus_robotics -DCMAKE_INSTALL_PREFIX=/home/ros_master/mukus_robotics/install/wheel_rpm_pipeline
[0.074s] [31mCMake Error at CMakeLists.txt:7 (find_package):
[0.074s]   By not providing "Findament_cmake.cmake" in CMAKE_MODULE_PATH this project
[0.075s]   has asked CMake to find a package configuration file provided by
[0.075s]   "ament_cmake", but CMake did not find one.
[0.075s] 
[0.075s]   Could not find a package configuration file provided by "ament_cmake" with
[0.076s]   any of the following names:
[0.076s] 
[0.076s]     ament_cmakeConfig.cmake
[0.076s]     ament_cmake-config.cmake
[0.077s] 
[0.077s]   Add the installation prefix of "ament_cmake" to CMAKE_PREFIX_PATH or set
[0.077s]   "ament_cmake_DIR" to a directory containing one of the above files.  If
[0.077s]   "ament_cmake" provides a separate development package or SDK, be sure it
[0.077s]   has been installed.
[0.078s] 
[0.078s] -- Configuring incomplete, errors occurred!
[0.078s] See also "/home/ros_master/mukus_robotics/build/wheel_rpm_pipeline/CMakeFiles/CMakeOutput.log".
[0.079s] [0m
[0.082s] Invoked command in '/home/ros_master/mukus_robotics/build/wheel_rpm_pipeline' returned '1': /usr/bin/cmake /home/ros_master/mukus_robotics -DCMAKE_INSTALL_PREFIX=/home/ros_master/mukus_robotics/install/wheel_rpm_pipeline
