[0.025s] Invoking command in '/home/ros_master/mukus_robotics/build/wheel_rpm_pipeline': CMAKE_PREFIX_PATH=${CMAKE_PREFIX_PATH}:/opt/ros/humble /usr/bin/cmake /home/ros_master/mukus_robotics -DCMAKE_BUILD_TYPE=Release -DCMAKE_INSTALL_PREFIX=/home/ros_master/mukus_robotics/install/wheel_rpm_pipeline
[0.055s] -- Found ament_cmake: 1.3.12 (/opt/ros/humble/share/ament_cmake/cmake)
[0.297s] -- Found rclcpp: 16.0.16 (/opt/ros/humble/share/rclcpp/cmake)
[0.363s] -- Found rosidl_generator_c: 3.1.7 (/opt/ros/humble/share/rosidl_generator_c/cmake)
[0.368s] -- Found rosidl_adapter: 3.1.7 (/opt/ros/humble/share/rosidl_adapter/cmake)
[0.378s] -- Found rosidl_generator_cpp: 3.1.7 (/opt/ros/humble/share/rosidl_generator_cpp/cmake)
[0.396s] -- Using all available rosidl_typesupport_c: rosidl_typesupport_fastrtps_c;rosidl_typesupport_introspection_c
[0.418s] -- Using all available rosidl_typesupport_cpp: rosidl_typesupport_fastrtps_cpp;rosidl_typesupport_introspection_cpp
[0.477s] -- Found rmw_implementation_cmake: 6.1.2 (/opt/ros/humble/share/rmw_implementation_cmake/cmake)
[0.478s] -- Found rmw_fastrtps_cpp: 6.2.9 (/opt/ros/humble/share/rmw_fastrtps_cpp/cmake)
[0.698s] -- Using RMW implementation 'rmw_fastrtps_cpp' as default
[0.782s] -- Found geometry_msgs: 4.9.0 (/opt/ros/humble/share/geometry_msgs/cmake)
[0.930s] -- Configuring done
[0.954s] -- Generating done
[0.963s] -- Build files have been written to: /home/ros_master/mukus_robotics/build/wheel_rpm_pipeline
[0.980s] Invoked command in '/home/ros_master/mukus_robotics/build/wheel_rpm_pipeline' returned '0': CMAKE_PREFIX_PATH=${CMAKE_PREFIX_PATH}:/opt/ros/humble /usr/bin/cmake /home/ros_master/mukus_robotics -DCMAKE_BUILD_TYPE=Release -DCMAKE_INSTALL_PREFIX=/home/ros_master/mukus_robotics/install/wheel_rpm_pipeline
[0.985s] Invoking command in '/home/ros_master/mukus_robotics/build/wheel_rpm_pipeline': CMAKE_PREFIX_PATH=${CMAKE_PREFIX_PATH}:/opt/ros/humble /usr/bin/cmake --build /home/ros_master/mukus_robotics/build/wheel_rpm_pipeline -- -j8 -l8
[1.087s] [35m[1mConsolidate compiler generated dependencies of target script_b[0m
[1.088s] [35m[1mConsolidate compiler generated dependencies of target script_a[0m
[1.117s] [ 50%] Built target script_b
[1.133s] [100%] Built target script_a
[1.160s] Invoked command in '/home/ros_master/mukus_robotics/build/wheel_rpm_pipeline' returned '0': CMAKE_PREFIX_PATH=${CMAKE_PREFIX_PATH}:/opt/ros/humble /usr/bin/cmake --build /home/ros_master/mukus_robotics/build/wheel_rpm_pipeline -- -j8 -l8
[1.184s] Invoking command in '/home/ros_master/mukus_robotics/build/wheel_rpm_pipeline': CMAKE_PREFIX_PATH=${CMAKE_PREFIX_PATH}:/opt/ros/humble /usr/bin/cmake --install /home/ros_master/mukus_robotics/build/wheel_rpm_pipeline
[1.200s] -- Install configuration: "Release"
[1.201s] -- Up-to-date: /home/ros_master/mukus_robotics/install/wheel_rpm_pipeline/lib/wheel_rpm_pipeline/script_a
[1.201s] -- Up-to-date: /home/ros_master/mukus_robotics/install/wheel_rpm_pipeline/lib/wheel_rpm_pipeline/script_b
[1.202s] -- Up-to-date: /home/ros_master/mukus_robotics/install/wheel_rpm_pipeline/share/ament_index/resource_index/package_run_dependencies/wheel_rpm_pipeline
[1.202s] -- Up-to-date: /home/ros_master/mukus_robotics/install/wheel_rpm_pipeline/share/ament_index/resource_index/parent_prefix_path/wheel_rpm_pipeline
[1.202s] -- Up-to-date: /home/ros_master/mukus_robotics/install/wheel_rpm_pipeline/share/wheel_rpm_pipeline/environment/ament_prefix_path.sh
[1.202s] -- Installing: /home/ros_master/mukus_robotics/install/wheel_rpm_pipeline/share/wheel_rpm_pipeline/environment/ament_prefix_path.dsv
[1.202s] -- Up-to-date: /home/ros_master/mukus_robotics/install/wheel_rpm_pipeline/share/wheel_rpm_pipeline/environment/path.sh
[1.202s] -- Installing: /home/ros_master/mukus_robotics/install/wheel_rpm_pipeline/share/wheel_rpm_pipeline/environment/path.dsv
[1.203s] -- Up-to-date: /home/ros_master/mukus_robotics/install/wheel_rpm_pipeline/share/wheel_rpm_pipeline/local_setup.bash
[1.203s] -- Up-to-date: /home/ros_master/mukus_robotics/install/wheel_rpm_pipeline/share/wheel_rpm_pipeline/local_setup.sh
[1.203s] -- Up-to-date: /home/ros_master/mukus_robotics/install/wheel_rpm_pipeline/share/wheel_rpm_pipeline/local_setup.zsh
[1.203s] -- Installing: /home/ros_master/mukus_robotics/install/wheel_rpm_pipeline/share/wheel_rpm_pipeline/local_setup.dsv
[1.204s] -- Installing: /home/ros_master/mukus_robotics/install/wheel_rpm_pipeline/share/wheel_rpm_pipeline/package.dsv
[1.204s] -- Up-to-date: /home/ros_master/mukus_robotics/install/wheel_rpm_pipeline/share/ament_index/resource_index/packages/wheel_rpm_pipeline
[1.204s] -- Up-to-date: /home/ros_master/mukus_robotics/install/wheel_rpm_pipeline/share/wheel_rpm_pipeline/cmake/wheel_rpm_pipelineConfig.cmake
[1.204s] -- Up-to-date: /home/ros_master/mukus_robotics/install/wheel_rpm_pipeline/share/wheel_rpm_pipeline/cmake/wheel_rpm_pipelineConfig-version.cmake
[1.205s] -- Up-to-date: /home/ros_master/mukus_robotics/install/wheel_rpm_pipeline/share/wheel_rpm_pipeline/package.xml
[1.210s] Invoked command in '/home/ros_master/mukus_robotics/build/wheel_rpm_pipeline' returned '0': CMAKE_PREFIX_PATH=${CMAKE_PREFIX_PATH}:/opt/ros/humble /usr/bin/cmake --install /home/ros_master/mukus_robotics/build/wheel_rpm_pipeline
