-- Found ament_cmake: 1.3.12 (/opt/ros/humble/share/ament_cmake/cmake)
-- Found rclcpp: 16.0.16 (/opt/ros/humble/share/rclcpp/cmake)
-- Found rosidl_generator_c: 3.1.7 (/opt/ros/humble/share/rosidl_generator_c/cmake)
-- Found rosidl_adapter: 3.1.7 (/opt/ros/humble/share/rosidl_adapter/cmake)
-- Found rosidl_generator_cpp: 3.1.7 (/opt/ros/humble/share/rosidl_generator_cpp/cmake)
-- Using all available rosidl_typesupport_c: rosidl_typesupport_fastrtps_c;rosidl_typesupport_introspection_c
-- Using all available rosidl_typesupport_cpp: rosidl_typesupport_fastrtps_cpp;rosidl_typesupport_introspection_cpp
-- Found rmw_implementation_cmake: 6.1.2 (/opt/ros/humble/share/rmw_implementation_cmake/cmake)
-- Found rmw_fastrtps_cpp: 6.2.9 (/opt/ros/humble/share/rmw_fastrtps_cpp/cmake)
-- Using RMW implementation 'rmw_fastrtps_cpp' as default
-- Found geometry_msgs: 4.9.0 (/opt/ros/humble/share/geometry_msgs/cmake)
-- Configuring done
-- Generating done
-- Build files have been written to: /home/ros_master/mukus_robotics/build/wheel_rpm_pipeline
[35m[1mConsolidate compiler generated dependencies of target script_b[0m
[35m[1mConsolidate compiler generated dependencies of target script_a[0m
[ 50%] Built target script_b
[100%] Built target script_a
-- Install configuration: "Release"
-- Up-to-date: /home/ros_master/mukus_robotics/install/wheel_rpm_pipeline/lib/wheel_rpm_pipeline/script_a
-- Up-to-date: /home/ros_master/mukus_robotics/install/wheel_rpm_pipeline/lib/wheel_rpm_pipeline/script_b
-- Up-to-date: /home/ros_master/mukus_robotics/install/wheel_rpm_pipeline/share/ament_index/resource_index/package_run_dependencies/wheel_rpm_pipeline
-- Installing: /home/ros_master/mukus_robotics/install/wheel_rpm_pipeline/share/ament_index/resource_index/parent_prefix_path/wheel_rpm_pipeline
-- Up-to-date: /home/ros_master/mukus_robotics/install/wheel_rpm_pipeline/share/wheel_rpm_pipeline/environment/ament_prefix_path.sh
-- Installing: /home/ros_master/mukus_robotics/install/wheel_rpm_pipeline/share/wheel_rpm_pipeline/environment/ament_prefix_path.dsv
-- Up-to-date: /home/ros_master/mukus_robotics/install/wheel_rpm_pipeline/share/wheel_rpm_pipeline/environment/path.sh
-- Installing: /home/ros_master/mukus_robotics/install/wheel_rpm_pipeline/share/wheel_rpm_pipeline/environment/path.dsv
-- Up-to-date: /home/ros_master/mukus_robotics/install/wheel_rpm_pipeline/share/wheel_rpm_pipeline/local_setup.bash
-- Up-to-date: /home/ros_master/mukus_robotics/install/wheel_rpm_pipeline/share/wheel_rpm_pipeline/local_setup.sh
-- Up-to-date: /home/ros_master/mukus_robotics/install/wheel_rpm_pipeline/share/wheel_rpm_pipeline/local_setup.zsh
-- Installing: /home/ros_master/mukus_robotics/install/wheel_rpm_pipeline/share/wheel_rpm_pipeline/local_setup.dsv
-- Installing: /home/ros_master/mukus_robotics/install/wheel_rpm_pipeline/share/wheel_rpm_pipeline/package.dsv
-- Up-to-date: /home/ros_master/mukus_robotics/install/wheel_rpm_pipeline/share/ament_index/resource_index/packages/wheel_rpm_pipeline
-- Up-to-date: /home/ros_master/mukus_robotics/install/wheel_rpm_pipeline/share/wheel_rpm_pipeline/cmake/wheel_rpm_pipelineConfig.cmake
-- Up-to-date: /home/ros_master/mukus_robotics/install/wheel_rpm_pipeline/share/wheel_rpm_pipeline/cmake/wheel_rpm_pipelineConfig-version.cmake
-- Up-to-date: /home/ros_master/mukus_robotics/install/wheel_rpm_pipeline/share/wheel_rpm_pipeline/package.xml
