[0.215s] DEBUG:colcon:Command line arguments: ['/usr/bin/colcon', 'build']
[0.215s] DEBUG:colcon:Parsed command line arguments: Namespace(log_base=None, log_level=None, verb_name='build', build_base='build', install_base='install', merge_install=False, symlink_install=False, test_result_base=None, continue_on_error=False, executor='parallel', parallel_workers=8, event_handlers=None, ignore_user_meta=False, metas=['./colcon.meta'], base_paths=['.'], packages_ignore=None, packages_ignore_regex=None, paths=None, packages_up_to=None, packages_up_to_regex=None, packages_above=None, packages_above_and_dependencies=None, packages_above_depth=None, packages_select_by_dep=None, packages_skip_by_dep=None, packages_skip_up_to=None, packages_select_build_failed=False, packages_skip_build_finished=False, packages_select_test_failures=False, packages_skip_test_passed=False, packages_select=None, packages_skip=None, packages_select_regex=None, packages_skip_regex=None, packages_start=None, packages_end=None, allow_overriding=[], cmake_args=None, cmake_target=None, cmake_target_skip_unavailable=False, cmake_clean_cache=False, cmake_clean_first=False, cmake_force_configure=False, ament_cmake_args=None, catkin_cmake_args=None, catkin_skip_building_tests=False, mixin_files=None, mixin=None, verb_parser=<colcon_mixin.mixin.mixin_argument.MixinArgumentDecorator object at 0x71f091328be0>, verb_extension=<colcon_core.verb.build.BuildVerb object at 0x71f091328460>, main=<bound method BuildVerb.main of <colcon_core.verb.build.BuildVerb object at 0x71f091328460>>, mixin_verb=('build',))
[0.485s] Level 1:colcon.colcon_core.package_discovery:discover_packages(colcon_meta) check parameters
[0.485s] Level 1:colcon.colcon_core.package_discovery:discover_packages(recursive) check parameters
[0.485s] Level 1:colcon.colcon_core.package_discovery:discover_packages(ignore) check parameters
[0.485s] Level 1:colcon.colcon_core.package_discovery:discover_packages(path) check parameters
[0.486s] Level 1:colcon.colcon_core.package_discovery:discover_packages(colcon_meta) discover
[0.486s] Level 1:colcon.colcon_core.package_discovery:discover_packages(recursive) discover
[0.486s] INFO:colcon.colcon_core.package_discovery:Crawling recursively for packages in '/home/ros_master/mukus_robotics'
[0.486s] Level 1:colcon.colcon_core.package_identification:_identify(.) by extensions ['ignore', 'ignore_ament_install']
[0.486s] Level 1:colcon.colcon_core.package_identification:_identify(.) by extension 'ignore'
[0.487s] Level 1:colcon.colcon_core.package_identification:_identify(.) by extension 'ignore_ament_install'
[0.487s] Level 1:colcon.colcon_core.package_identification:_identify(.) by extensions ['colcon_pkg']
[0.487s] Level 1:colcon.colcon_core.package_identification:_identify(.) by extension 'colcon_pkg'
[0.487s] Level 1:colcon.colcon_core.package_identification:_identify(.) by extensions ['colcon_meta']
[0.487s] Level 1:colcon.colcon_core.package_identification:_identify(.) by extension 'colcon_meta'
[0.487s] Level 1:colcon.colcon_core.package_identification:_identify(.) by extensions ['ros']
[0.487s] Level 1:colcon.colcon_core.package_identification:_identify(.) by extension 'ros'
[0.527s] DEBUG:colcon.colcon_core.package_identification:Package '.' with type 'ros.ament_cmake' and name 'wheel_rpm_pipeline'
[0.527s] Level 1:colcon.colcon_core.package_discovery:discover_packages(recursive) using defaults
[0.527s] Level 1:colcon.colcon_core.package_discovery:discover_packages(ignore) discover
[0.528s] Level 1:colcon.colcon_core.package_discovery:discover_packages(ignore) using defaults
[0.528s] Level 1:colcon.colcon_core.package_discovery:discover_packages(path) discover
[0.528s] Level 1:colcon.colcon_core.package_discovery:discover_packages(path) using defaults
[0.566s] Level 1:colcon.colcon_core.package_discovery:discover_packages(prefix_path) check parameters
[0.566s] Level 1:colcon.colcon_core.package_discovery:discover_packages(prefix_path) discover
[0.568s] DEBUG:colcon.colcon_installed_package_information.package_discovery:Found 1 installed packages in /home/ros_master/mukus_robotics/install
[0.569s] Level 1:colcon.colcon_core.package_discovery:discover_packages(prefix_path) using defaults
[0.571s] Level 5:colcon.colcon_core.verb:set package 'wheel_rpm_pipeline' build argument 'cmake_args' from command line to 'None'
[0.572s] Level 5:colcon.colcon_core.verb:set package 'wheel_rpm_pipeline' build argument 'cmake_target' from command line to 'None'
[0.572s] Level 5:colcon.colcon_core.verb:set package 'wheel_rpm_pipeline' build argument 'cmake_target_skip_unavailable' from command line to 'False'
[0.572s] Level 5:colcon.colcon_core.verb:set package 'wheel_rpm_pipeline' build argument 'cmake_clean_cache' from command line to 'False'
[0.572s] Level 5:colcon.colcon_core.verb:set package 'wheel_rpm_pipeline' build argument 'cmake_clean_first' from command line to 'False'
[0.572s] Level 5:colcon.colcon_core.verb:set package 'wheel_rpm_pipeline' build argument 'cmake_force_configure' from command line to 'False'
[0.572s] Level 5:colcon.colcon_core.verb:set package 'wheel_rpm_pipeline' build argument 'ament_cmake_args' from command line to 'None'
[0.572s] Level 5:colcon.colcon_core.verb:set package 'wheel_rpm_pipeline' build argument 'catkin_cmake_args' from command line to 'None'
[0.572s] Level 5:colcon.colcon_core.verb:set package 'wheel_rpm_pipeline' build argument 'catkin_skip_building_tests' from command line to 'False'
[0.572s] DEBUG:colcon.colcon_core.verb:Building package 'wheel_rpm_pipeline' with the following arguments: {'ament_cmake_args': None, 'build_base': '/home/ros_master/mukus_robotics/build/wheel_rpm_pipeline', 'catkin_cmake_args': None, 'catkin_skip_building_tests': False, 'cmake_args': None, 'cmake_clean_cache': False, 'cmake_clean_first': False, 'cmake_force_configure': False, 'cmake_target': None, 'cmake_target_skip_unavailable': False, 'install_base': '/home/ros_master/mukus_robotics/install/wheel_rpm_pipeline', 'merge_install': False, 'path': '/home/ros_master/mukus_robotics', 'symlink_install': False, 'test_result_base': None}
[0.573s] INFO:colcon.colcon_core.executor:Executing jobs using 'parallel' executor
[0.576s] DEBUG:colcon.colcon_parallel_executor.executor.parallel:run_until_complete
[0.577s] INFO:colcon.colcon_ros.task.ament_cmake.build:Building ROS package in '/home/ros_master/mukus_robotics' with build type 'ament_cmake'
[0.577s] INFO:colcon.colcon_cmake.task.cmake.build:Building CMake package in '/home/ros_master/mukus_robotics'
[0.580s] INFO:colcon.colcon_core.plugin_system:Skipping extension 'colcon_core.shell.bat': Not used on non-Windows systems
[0.581s] INFO:colcon.colcon_core.shell:Skip shell extension 'powershell' for command environment: Not usable outside of PowerShell
[0.581s] DEBUG:colcon.colcon_core.shell:Skip shell extension 'dsv' for command environment
[0.599s] DEBUG:colcon.colcon_core.event_handler.log_command:Invoking command in '/home/ros_master/mukus_robotics/build/wheel_rpm_pipeline': /usr/bin/cmake /home/ros_master/mukus_robotics -DCMAKE_INSTALL_PREFIX=/home/ros_master/mukus_robotics/install/wheel_rpm_pipeline
[0.660s] DEBUG:colcon.colcon_core.event_handler.log_command:Invoked command in '/home/ros_master/mukus_robotics/build/wheel_rpm_pipeline' returned '1': /usr/bin/cmake /home/ros_master/mukus_robotics -DCMAKE_INSTALL_PREFIX=/home/ros_master/mukus_robotics/install/wheel_rpm_pipeline
[0.692s] Level 1:colcon.colcon_core.environment:create_environment_scripts_only(wheel_rpm_pipeline)
[0.696s] Level 1:colcon.colcon_core.environment:checking '/home/ros_master/mukus_robotics/install/wheel_rpm_pipeline' for CMake module files
[0.697s] Level 1:colcon.colcon_core.environment:checking '/home/ros_master/mukus_robotics/install/wheel_rpm_pipeline' for CMake config files
[0.698s] Level 1:colcon.colcon_core.environment:checking '/home/ros_master/mukus_robotics/install/wheel_rpm_pipeline/bin'
[0.698s] Level 1:colcon.colcon_core.environment:checking '/home/ros_master/mukus_robotics/install/wheel_rpm_pipeline/lib/pkgconfig/wheel_rpm_pipeline.pc'
[0.702s] Level 1:colcon.colcon_core.environment:checking '/home/ros_master/mukus_robotics/install/wheel_rpm_pipeline/lib/python3.10/site-packages'
[0.703s] Level 1:colcon.colcon_core.environment:checking '/home/ros_master/mukus_robotics/install/wheel_rpm_pipeline/bin'
[0.703s] INFO:colcon.colcon_core.shell:Creating package script '/home/ros_master/mukus_robotics/install/wheel_rpm_pipeline/share/wheel_rpm_pipeline/package.ps1'
[0.707s] INFO:colcon.colcon_core.shell:Creating package descriptor '/home/ros_master/mukus_robotics/install/wheel_rpm_pipeline/share/wheel_rpm_pipeline/package.dsv'
[0.709s] INFO:colcon.colcon_core.shell:Creating package script '/home/ros_master/mukus_robotics/install/wheel_rpm_pipeline/share/wheel_rpm_pipeline/package.sh'
[0.712s] INFO:colcon.colcon_core.shell:Creating package script '/home/ros_master/mukus_robotics/install/wheel_rpm_pipeline/share/wheel_rpm_pipeline/package.bash'
[0.714s] INFO:colcon.colcon_core.shell:Creating package script '/home/ros_master/mukus_robotics/install/wheel_rpm_pipeline/share/wheel_rpm_pipeline/package.zsh'
[0.716s] Level 1:colcon.colcon_core.environment:create_file_with_runtime_dependencies(/home/ros_master/mukus_robotics/install/wheel_rpm_pipeline/share/colcon-core/packages/wheel_rpm_pipeline)
[0.727s] DEBUG:colcon.colcon_parallel_executor.executor.parallel:closing loop
[0.728s] DEBUG:colcon.colcon_parallel_executor.executor.parallel:loop closed
[0.728s] DEBUG:colcon.colcon_parallel_executor.executor.parallel:run_until_complete finished with '1'
[0.728s] DEBUG:colcon.colcon_core.event_reactor:joining thread
[0.750s] INFO:colcon.colcon_core.plugin_system:Skipping extension 'colcon_notification.desktop_notification.terminal_notifier': Not used on non-Darwin systems
[0.750s] INFO:colcon.colcon_core.plugin_system:Skipping extension 'colcon_notification.desktop_notification.win32': Not used on non-Windows systems
[0.750s] INFO:colcon.colcon_notification.desktop_notification:Sending desktop notification using 'notify2'
[0.801s] DEBUG:colcon.colcon_core.event_reactor:joined thread
[0.802s] INFO:colcon.colcon_core.shell:Creating prefix script '/home/ros_master/mukus_robotics/install/local_setup.ps1'
[0.806s] INFO:colcon.colcon_core.shell:Creating prefix util module '/home/ros_master/mukus_robotics/install/_local_setup_util_ps1.py'
[0.814s] INFO:colcon.colcon_core.shell:Creating prefix chain script '/home/ros_master/mukus_robotics/install/setup.ps1'
[0.817s] INFO:colcon.colcon_core.shell:Creating prefix script '/home/ros_master/mukus_robotics/install/local_setup.sh'
[0.819s] INFO:colcon.colcon_core.shell:Creating prefix util module '/home/ros_master/mukus_robotics/install/_local_setup_util_sh.py'
[0.823s] INFO:colcon.colcon_core.shell:Creating prefix chain script '/home/ros_master/mukus_robotics/install/setup.sh'
[0.827s] INFO:colcon.colcon_core.shell:Creating prefix script '/home/ros_master/mukus_robotics/install/local_setup.bash'
[0.829s] INFO:colcon.colcon_core.shell:Creating prefix chain script '/home/ros_master/mukus_robotics/install/setup.bash'
[0.832s] INFO:colcon.colcon_core.shell:Creating prefix script '/home/ros_master/mukus_robotics/install/local_setup.zsh'
[0.834s] INFO:colcon.colcon_core.shell:Creating prefix chain script '/home/ros_master/mukus_robotics/install/setup.zsh'
