[0.017s] Invoking command in '/home/ros_master/mukus_robotics/build/wheel_rpm_pipeline': CMAKE_PREFIX_PATH=${CMAKE_PREFIX_PATH}:/opt/ros/humble /usr/bin/cmake --build /home/ros_master/mukus_robotics/build/wheel_rpm_pipeline -- -j8 -l8
[0.054s] -- Found ament_cmake: 1.3.12 (/opt/ros/humble/share/ament_cmake/cmake)
[0.223s] -- Found rclcpp: 16.0.16 (/opt/ros/humble/share/rclcpp/cmake)
[0.275s] -- Found rosidl_generator_c: 3.1.7 (/opt/ros/humble/share/rosidl_generator_c/cmake)
[0.278s] -- Found rosidl_adapter: 3.1.7 (/opt/ros/humble/share/rosidl_adapter/cmake)
[0.285s] -- Found rosidl_generator_cpp: 3.1.7 (/opt/ros/humble/share/rosidl_generator_cpp/cmake)
[0.295s] -- Using all available rosidl_typesupport_c: rosidl_typesupport_fastrtps_c;rosidl_typesupport_introspection_c
[0.311s] -- Using all available rosidl_typesupport_cpp: rosidl_typesupport_fastrtps_cpp;rosidl_typesupport_introspection_cpp
[0.348s] -- Found rmw_implementation_cmake: 6.1.2 (/opt/ros/humble/share/rmw_implementation_cmake/cmake)
[0.350s] -- Found rmw_fastrtps_cpp: 6.2.9 (/opt/ros/humble/share/rmw_fastrtps_cpp/cmake)
[0.492s] -- Using RMW implementation 'rmw_fastrtps_cpp' as default
[0.547s] -- Found geometry_msgs: 4.9.0 (/opt/ros/humble/share/geometry_msgs/cmake)
[0.648s] -- Configuring done
[0.666s] -- Generating done
[0.673s] -- Build files have been written to: /home/ros_master/mukus_robotics/build/wheel_rpm_pipeline
[0.721s] [35m[1mConsolidate compiler generated dependencies of target script_b[0m
[0.721s] [35m[1mConsolidate compiler generated dependencies of target script_a[0m
[0.737s] [ 16%] [32mBuilding CXX object CMakeFiles/test_cmd_vel_publisher.dir/test_cmd_vel_publisher.cpp.o[0m
[0.741s] [ 33%] [32mBuilding CXX object CMakeFiles/script_b.dir/script_b.cpp.o[0m
[0.749s] [ 66%] Built target script_a
[1.301s] [ 83%] [32m[1mLinking CXX executable script_b[0m
[1.447s] [ 83%] Built target script_b
[7.168s] [100%] [32m[1mLinking CXX executable test_cmd_vel_publisher[0m
[7.440s] [100%] Built target test_cmd_vel_publisher
[7.475s] Invoked command in '/home/ros_master/mukus_robotics/build/wheel_rpm_pipeline' returned '0': CMAKE_PREFIX_PATH=${CMAKE_PREFIX_PATH}:/opt/ros/humble /usr/bin/cmake --build /home/ros_master/mukus_robotics/build/wheel_rpm_pipeline -- -j8 -l8
[7.504s] Invoking command in '/home/ros_master/mukus_robotics/build/wheel_rpm_pipeline': CMAKE_PREFIX_PATH=${CMAKE_PREFIX_PATH}:/opt/ros/humble /usr/bin/cmake --install /home/ros_master/mukus_robotics/build/wheel_rpm_pipeline
[7.513s] -- Install configuration: "Release"
[7.513s] -- Up-to-date: /home/ros_master/mukus_robotics/install/wheel_rpm_pipeline/lib/wheel_rpm_pipeline/script_a
[7.513s] -- Installing: /home/ros_master/mukus_robotics/install/wheel_rpm_pipeline/lib/wheel_rpm_pipeline/script_b
[7.514s] -- Installing: /home/ros_master/mukus_robotics/install/wheel_rpm_pipeline/lib/wheel_rpm_pipeline/test_cmd_vel_publisher
[7.515s] -- Set runtime path of "/home/ros_master/mukus_robotics/install/wheel_rpm_pipeline/lib/wheel_rpm_pipeline/test_cmd_vel_publisher" to ""
[7.515s] -- Up-to-date: /home/ros_master/mukus_robotics/install/wheel_rpm_pipeline/share/ament_index/resource_index/package_run_dependencies/wheel_rpm_pipeline
[7.515s] -- Up-to-date: /home/ros_master/mukus_robotics/install/wheel_rpm_pipeline/share/ament_index/resource_index/parent_prefix_path/wheel_rpm_pipeline
[7.515s] -- Up-to-date: /home/ros_master/mukus_robotics/install/wheel_rpm_pipeline/share/wheel_rpm_pipeline/environment/ament_prefix_path.sh
[7.515s] -- Installing: /home/ros_master/mukus_robotics/install/wheel_rpm_pipeline/share/wheel_rpm_pipeline/environment/ament_prefix_path.dsv
[7.515s] -- Up-to-date: /home/ros_master/mukus_robotics/install/wheel_rpm_pipeline/share/wheel_rpm_pipeline/environment/path.sh
[7.516s] -- Installing: /home/ros_master/mukus_robotics/install/wheel_rpm_pipeline/share/wheel_rpm_pipeline/environment/path.dsv
[7.516s] -- Up-to-date: /home/ros_master/mukus_robotics/install/wheel_rpm_pipeline/share/wheel_rpm_pipeline/local_setup.bash
[7.516s] -- Up-to-date: /home/ros_master/mukus_robotics/install/wheel_rpm_pipeline/share/wheel_rpm_pipeline/local_setup.sh
[7.516s] -- Up-to-date: /home/ros_master/mukus_robotics/install/wheel_rpm_pipeline/share/wheel_rpm_pipeline/local_setup.zsh
[7.516s] -- Installing: /home/ros_master/mukus_robotics/install/wheel_rpm_pipeline/share/wheel_rpm_pipeline/local_setup.dsv
[7.516s] -- Installing: /home/ros_master/mukus_robotics/install/wheel_rpm_pipeline/share/wheel_rpm_pipeline/package.dsv
[7.516s] -- Up-to-date: /home/ros_master/mukus_robotics/install/wheel_rpm_pipeline/share/ament_index/resource_index/packages/wheel_rpm_pipeline
[7.517s] -- Up-to-date: /home/ros_master/mukus_robotics/install/wheel_rpm_pipeline/share/wheel_rpm_pipeline/cmake/wheel_rpm_pipelineConfig.cmake
[7.517s] -- Up-to-date: /home/ros_master/mukus_robotics/install/wheel_rpm_pipeline/share/wheel_rpm_pipeline/cmake/wheel_rpm_pipelineConfig-version.cmake
[7.517s] -- Up-to-date: /home/ros_master/mukus_robotics/install/wheel_rpm_pipeline/share/wheel_rpm_pipeline/package.xml
[7.520s] Invoked command in '/home/ros_master/mukus_robotics/build/wheel_rpm_pipeline' returned '0': CMAKE_PREFIX_PATH=${CMAKE_PREFIX_PATH}:/opt/ros/humble /usr/bin/cmake --install /home/ros_master/mukus_robotics/build/wheel_rpm_pipeline
