[0.026s] Invoking command in '/home/ros_master/mukus_robotics/build/wheel_rpm_pipeline': CMAKE_PREFIX_PATH=/opt/ros/humble /usr/bin/cmake /home/ros_master/mukus_robotics -DCMAKE_INSTALL_PREFIX=/home/ros_master/mukus_robotics/install/wheel_rpm_pipeline
[0.166s] -- Found ament_cmake: 1.3.12 (/opt/ros/humble/share/ament_cmake/cmake)
[0.813s] -- Found Python3: /usr/bin/python3 (found version "3.10.12") found components: Interpreter 
[1.300s] -- Found rclcpp: 16.0.16 (/opt/ros/humble/share/rclcpp/cmake)
[1.687s] -- Found rosidl_generator_c: 3.1.7 (/opt/ros/humble/share/rosidl_generator_c/cmake)
[1.715s] -- Found rosidl_adapter: 3.1.7 (/opt/ros/humble/share/rosidl_adapter/cmake)
[1.753s] -- Found rosidl_generator_cpp: 3.1.7 (/opt/ros/humble/share/rosidl_generator_cpp/cmake)
[1.791s] -- Using all available rosidl_typesupport_c: rosidl_typesupport_fastrtps_c;rosidl_typesupport_introspection_c
[1.839s] -- Using all available rosidl_typesupport_cpp: rosidl_typesupport_fastrtps_cpp;rosidl_typesupport_introspection_cpp
[2.143s] -- Found rmw_implementation_cmake: 6.1.2 (/opt/ros/humble/share/rmw_implementation_cmake/cmake)
[2.160s] -- Found rmw_fastrtps_cpp: 6.2.9 (/opt/ros/humble/share/rmw_fastrtps_cpp/cmake)
[2.709s] -- Found OpenSSL: /usr/lib/x86_64-linux-gnu/libcrypto.so (found version "3.0.2")  
[2.845s] -- Found FastRTPS: /opt/ros/humble/include  
[2.946s] -- Using RMW implementation 'rmw_fastrtps_cpp' as default
[3.061s] -- Looking for C++ include pthread.h
[3.525s] -- Looking for C++ include pthread.h - found
[3.525s] -- Performing Test CMAKE_HAVE_LIBC_PTHREAD
[3.815s] -- Performing Test CMAKE_HAVE_LIBC_PTHREAD - Success
[3.817s] -- Found Threads: TRUE  
[4.107s] -- Found geometry_msgs: 4.9.0 (/opt/ros/humble/share/geometry_msgs/cmake)
[4.173s] CMake Error at CMakeLists.txt:15 (target_link_libraries):
[4.174s]   The plain signature for target_link_libraries has already been used with
[4.174s]   the target "script_a".  All uses of target_link_libraries with a target
[4.174s]   must be either all-keyword or all-plain.
[4.174s] 
[4.175s]   The uses of the plain signature are here:
[4.175s] 
[4.175s]    * /opt/ros/humble/share/ament_cmake_target_dependencies/cmake/ament_target_dependencies.cmake:145 (target_link_libraries)
[4.175s] 
[4.176s] 
[4.176s] 
[4.369s] -- Configuring incomplete, errors occurred!
[4.369s] See also "/home/ros_master/mukus_robotics/build/wheel_rpm_pipeline/CMakeFiles/CMakeOutput.log".
[4.395s] Invoked command in '/home/ros_master/mukus_robotics/build/wheel_rpm_pipeline' returned '1': CMAKE_PREFIX_PATH=/opt/ros/humble /usr/bin/cmake /home/ros_master/mukus_robotics -DCMAKE_INSTALL_PREFIX=/home/ros_master/mukus_robotics/install/wheel_rpm_pipeline
