[0.207s] DEBUG:colcon:Command line arguments: ['/usr/bin/colcon', 'build']
[0.207s] DEBUG:colcon:Parsed command line arguments: Namespace(log_base=None, log_level=None, verb_name='build', build_base='build', install_base='install', merge_install=False, symlink_install=False, test_result_base=None, continue_on_error=False, executor='parallel', parallel_workers=8, event_handlers=None, ignore_user_meta=False, metas=['./colcon.meta'], base_paths=['.'], packages_ignore=None, packages_ignore_regex=None, paths=None, packages_up_to=None, packages_up_to_regex=None, packages_above=None, packages_above_and_dependencies=None, packages_above_depth=None, packages_select_by_dep=None, packages_skip_by_dep=None, packages_skip_up_to=None, packages_select_build_failed=False, packages_skip_build_finished=False, packages_select_test_failures=False, packages_skip_test_passed=False, packages_select=None, packages_skip=None, packages_select_regex=None, packages_skip_regex=None, packages_start=None, packages_end=None, allow_overriding=[], cmake_args=None, cmake_target=None, cmake_target_skip_unavailable=False, cmake_clean_cache=False, cmake_clean_first=False, cmake_force_configure=False, ament_cmake_args=None, catkin_cmake_args=None, catkin_skip_building_tests=False, mixin_files=None, mixin=None, verb_parser=<colcon_mixin.mixin.mixin_argument.MixinArgumentDecorator object at 0x73697195dff0>, verb_extension=<colcon_core.verb.build.BuildVerb object at 0x73697195d870>, main=<bound method BuildVerb.main of <colcon_core.verb.build.BuildVerb object at 0x73697195d870>>, mixin_verb=('build',))
[0.529s] Level 1:colcon.colcon_core.package_discovery:discover_packages(colcon_meta) check parameters
[0.530s] Level 1:colcon.colcon_core.package_discovery:discover_packages(recursive) check parameters
[0.530s] Level 1:colcon.colcon_core.package_discovery:discover_packages(ignore) check parameters
[0.530s] Level 1:colcon.colcon_core.package_discovery:discover_packages(path) check parameters
[0.530s] Level 1:colcon.colcon_core.package_discovery:discover_packages(colcon_meta) discover
[0.530s] Level 1:colcon.colcon_core.package_discovery:discover_packages(recursive) discover
[0.530s] INFO:colcon.colcon_core.package_discovery:Crawling recursively for packages in '/home/ros_master/mukus_robotics'
[0.531s] Level 1:colcon.colcon_core.package_identification:_identify(.) by extensions ['ignore', 'ignore_ament_install']
[0.531s] Level 1:colcon.colcon_core.package_identification:_identify(.) by extension 'ignore'
[0.531s] Level 1:colcon.colcon_core.package_identification:_identify(.) by extension 'ignore_ament_install'
[0.531s] Level 1:colcon.colcon_core.package_identification:_identify(.) by extensions ['colcon_pkg']
[0.531s] Level 1:colcon.colcon_core.package_identification:_identify(.) by extension 'colcon_pkg'
[0.531s] Level 1:colcon.colcon_core.package_identification:_identify(.) by extensions ['colcon_meta']
[0.531s] Level 1:colcon.colcon_core.package_identification:_identify(.) by extension 'colcon_meta'
[0.532s] Level 1:colcon.colcon_core.package_identification:_identify(.) by extensions ['ros']
[0.532s] Level 1:colcon.colcon_core.package_identification:_identify(.) by extension 'ros'
[0.556s] DEBUG:colcon.colcon_core.package_identification:Package '.' with type 'ros.ament_cmake' and name 'wheel_rpm_pipeline'
[0.556s] Level 1:colcon.colcon_core.package_discovery:discover_packages(recursive) using defaults
[0.557s] Level 1:colcon.colcon_core.package_discovery:discover_packages(ignore) discover
[0.557s] Level 1:colcon.colcon_core.package_discovery:discover_packages(ignore) using defaults
[0.557s] Level 1:colcon.colcon_core.package_discovery:discover_packages(path) discover
[0.557s] Level 1:colcon.colcon_core.package_discovery:discover_packages(path) using defaults
[0.620s] Level 1:colcon.colcon_core.package_discovery:discover_packages(prefix_path) check parameters
[0.620s] Level 1:colcon.colcon_core.package_discovery:discover_packages(prefix_path) discover
[0.623s] DEBUG:colcon.colcon_installed_package_information.package_discovery:Found 1 installed packages in /home/ros_master/mukus_robotics/install
[0.627s] DEBUG:colcon.colcon_installed_package_information.package_discovery:Found 483 installed packages in /opt/ros/humble
[0.631s] Level 1:colcon.colcon_core.package_discovery:discover_packages(prefix_path) using defaults
[0.732s] Level 5:colcon.colcon_core.verb:set package 'wheel_rpm_pipeline' build argument 'cmake_args' from command line to 'None'
[0.732s] Level 5:colcon.colcon_core.verb:set package 'wheel_rpm_pipeline' build argument 'cmake_target' from command line to 'None'
[0.732s] Level 5:colcon.colcon_core.verb:set package 'wheel_rpm_pipeline' build argument 'cmake_target_skip_unavailable' from command line to 'False'
[0.733s] Level 5:colcon.colcon_core.verb:set package 'wheel_rpm_pipeline' build argument 'cmake_clean_cache' from command line to 'False'
[0.733s] Level 5:colcon.colcon_core.verb:set package 'wheel_rpm_pipeline' build argument 'cmake_clean_first' from command line to 'False'
[0.733s] Level 5:colcon.colcon_core.verb:set package 'wheel_rpm_pipeline' build argument 'cmake_force_configure' from command line to 'False'
[0.733s] Level 5:colcon.colcon_core.verb:set package 'wheel_rpm_pipeline' build argument 'ament_cmake_args' from command line to 'None'
[0.733s] Level 5:colcon.colcon_core.verb:set package 'wheel_rpm_pipeline' build argument 'catkin_cmake_args' from command line to 'None'
[0.733s] Level 5:colcon.colcon_core.verb:set package 'wheel_rpm_pipeline' build argument 'catkin_skip_building_tests' from command line to 'False'
[0.733s] DEBUG:colcon.colcon_core.verb:Building package 'wheel_rpm_pipeline' with the following arguments: {'ament_cmake_args': None, 'build_base': '/home/ros_master/mukus_robotics/build/wheel_rpm_pipeline', 'catkin_cmake_args': None, 'catkin_skip_building_tests': False, 'cmake_args': None, 'cmake_clean_cache': False, 'cmake_clean_first': False, 'cmake_force_configure': False, 'cmake_target': None, 'cmake_target_skip_unavailable': False, 'install_base': '/home/ros_master/mukus_robotics/install/wheel_rpm_pipeline', 'merge_install': False, 'path': '/home/ros_master/mukus_robotics', 'symlink_install': False, 'test_result_base': None}
[0.733s] INFO:colcon.colcon_core.executor:Executing jobs using 'parallel' executor
[0.735s] DEBUG:colcon.colcon_parallel_executor.executor.parallel:run_until_complete
[0.736s] INFO:colcon.colcon_ros.task.ament_cmake.build:Building ROS package in '/home/ros_master/mukus_robotics' with build type 'ament_cmake'
[0.736s] INFO:colcon.colcon_cmake.task.cmake.build:Building CMake package in '/home/ros_master/mukus_robotics'
[0.740s] INFO:colcon.colcon_core.plugin_system:Skipping extension 'colcon_core.shell.bat': Not used on non-Windows systems
[0.740s] INFO:colcon.colcon_core.shell:Skip shell extension 'powershell' for command environment: Not usable outside of PowerShell
[0.740s] DEBUG:colcon.colcon_core.shell:Skip shell extension 'dsv' for command environment
[0.774s] DEBUG:colcon.colcon_core.event_handler.log_command:Invoking command in '/home/ros_master/mukus_robotics/build/wheel_rpm_pipeline': CMAKE_PREFIX_PATH=${CMAKE_PREFIX_PATH}:/opt/ros/humble /usr/bin/cmake --build /home/ros_master/mukus_robotics/build/wheel_rpm_pipeline -- -j8 -l8
[1.081s] DEBUG:colcon.colcon_core.event_handler.log_command:Invoked command in '/home/ros_master/mukus_robotics/build/wheel_rpm_pipeline' returned '0': CMAKE_PREFIX_PATH=${CMAKE_PREFIX_PATH}:/opt/ros/humble /usr/bin/cmake --build /home/ros_master/mukus_robotics/build/wheel_rpm_pipeline -- -j8 -l8
[1.117s] DEBUG:colcon.colcon_core.event_handler.log_command:Invoking command in '/home/ros_master/mukus_robotics/build/wheel_rpm_pipeline': CMAKE_PREFIX_PATH=${CMAKE_PREFIX_PATH}:/opt/ros/humble /usr/bin/cmake --install /home/ros_master/mukus_robotics/build/wheel_rpm_pipeline
[1.139s] Level 1:colcon.colcon_core.environment:create_environment_scripts_only(wheel_rpm_pipeline)
[1.141s] DEBUG:colcon.colcon_core.event_handler.log_command:Invoked command in '/home/ros_master/mukus_robotics/build/wheel_rpm_pipeline' returned '0': CMAKE_PREFIX_PATH=${CMAKE_PREFIX_PATH}:/opt/ros/humble /usr/bin/cmake --install /home/ros_master/mukus_robotics/build/wheel_rpm_pipeline
[1.145s] Level 1:colcon.colcon_core.environment:checking '/home/ros_master/mukus_robotics/install/wheel_rpm_pipeline' for CMake module files
[1.146s] Level 1:colcon.colcon_core.environment:checking '/home/ros_master/mukus_robotics/install/wheel_rpm_pipeline' for CMake config files
[1.147s] Level 1:colcon.colcon_core.shell:create_environment_hook('wheel_rpm_pipeline', 'cmake_prefix_path')
[1.148s] INFO:colcon.colcon_core.shell:Creating environment hook '/home/ros_master/mukus_robotics/install/wheel_rpm_pipeline/share/wheel_rpm_pipeline/hook/cmake_prefix_path.ps1'
[1.150s] INFO:colcon.colcon_core.shell:Creating environment descriptor '/home/ros_master/mukus_robotics/install/wheel_rpm_pipeline/share/wheel_rpm_pipeline/hook/cmake_prefix_path.dsv'
[1.151s] INFO:colcon.colcon_core.shell:Creating environment hook '/home/ros_master/mukus_robotics/install/wheel_rpm_pipeline/share/wheel_rpm_pipeline/hook/cmake_prefix_path.sh'
[1.153s] Level 1:colcon.colcon_core.environment:checking '/home/ros_master/mukus_robotics/install/wheel_rpm_pipeline/lib'
[1.154s] Level 1:colcon.colcon_core.environment:checking '/home/ros_master/mukus_robotics/install/wheel_rpm_pipeline/bin'
[1.154s] Level 1:colcon.colcon_core.environment:checking '/home/ros_master/mukus_robotics/install/wheel_rpm_pipeline/lib/pkgconfig/wheel_rpm_pipeline.pc'
[1.155s] Level 1:colcon.colcon_core.environment:checking '/home/ros_master/mukus_robotics/install/wheel_rpm_pipeline/lib/python3.10/site-packages'
[1.157s] Level 1:colcon.colcon_core.environment:checking '/home/ros_master/mukus_robotics/install/wheel_rpm_pipeline/bin'
[1.158s] INFO:colcon.colcon_core.shell:Creating package script '/home/ros_master/mukus_robotics/install/wheel_rpm_pipeline/share/wheel_rpm_pipeline/package.ps1'
[1.161s] INFO:colcon.colcon_core.shell:Creating package descriptor '/home/ros_master/mukus_robotics/install/wheel_rpm_pipeline/share/wheel_rpm_pipeline/package.dsv'
[1.163s] INFO:colcon.colcon_core.shell:Creating package script '/home/ros_master/mukus_robotics/install/wheel_rpm_pipeline/share/wheel_rpm_pipeline/package.sh'
[1.166s] INFO:colcon.colcon_core.shell:Creating package script '/home/ros_master/mukus_robotics/install/wheel_rpm_pipeline/share/wheel_rpm_pipeline/package.bash'
[1.169s] INFO:colcon.colcon_core.shell:Creating package script '/home/ros_master/mukus_robotics/install/wheel_rpm_pipeline/share/wheel_rpm_pipeline/package.zsh'
[1.172s] Level 1:colcon.colcon_core.environment:create_file_with_runtime_dependencies(/home/ros_master/mukus_robotics/install/wheel_rpm_pipeline/share/colcon-core/packages/wheel_rpm_pipeline)
[1.173s] Level 1:colcon.colcon_core.environment:create_environment_scripts_only(wheel_rpm_pipeline)
[1.174s] Level 1:colcon.colcon_core.environment:checking '/home/ros_master/mukus_robotics/install/wheel_rpm_pipeline' for CMake module files
[1.175s] Level 1:colcon.colcon_core.environment:checking '/home/ros_master/mukus_robotics/install/wheel_rpm_pipeline' for CMake config files
[1.176s] Level 1:colcon.colcon_core.shell:create_environment_hook('wheel_rpm_pipeline', 'cmake_prefix_path')
[1.176s] INFO:colcon.colcon_core.shell:Creating environment hook '/home/ros_master/mukus_robotics/install/wheel_rpm_pipeline/share/wheel_rpm_pipeline/hook/cmake_prefix_path.ps1'
[1.177s] INFO:colcon.colcon_core.shell:Creating environment descriptor '/home/ros_master/mukus_robotics/install/wheel_rpm_pipeline/share/wheel_rpm_pipeline/hook/cmake_prefix_path.dsv'
[1.178s] INFO:colcon.colcon_core.shell:Creating environment hook '/home/ros_master/mukus_robotics/install/wheel_rpm_pipeline/share/wheel_rpm_pipeline/hook/cmake_prefix_path.sh'
[1.179s] Level 1:colcon.colcon_core.environment:checking '/home/ros_master/mukus_robotics/install/wheel_rpm_pipeline/lib'
[1.180s] Level 1:colcon.colcon_core.environment:checking '/home/ros_master/mukus_robotics/install/wheel_rpm_pipeline/bin'
[1.180s] Level 1:colcon.colcon_core.environment:checking '/home/ros_master/mukus_robotics/install/wheel_rpm_pipeline/lib/pkgconfig/wheel_rpm_pipeline.pc'
[1.180s] Level 1:colcon.colcon_core.environment:checking '/home/ros_master/mukus_robotics/install/wheel_rpm_pipeline/lib/python3.10/site-packages'
[1.181s] Level 1:colcon.colcon_core.environment:checking '/home/ros_master/mukus_robotics/install/wheel_rpm_pipeline/bin'
[1.181s] INFO:colcon.colcon_core.shell:Creating package script '/home/ros_master/mukus_robotics/install/wheel_rpm_pipeline/share/wheel_rpm_pipeline/package.ps1'
[1.194s] INFO:colcon.colcon_core.shell:Creating package descriptor '/home/ros_master/mukus_robotics/install/wheel_rpm_pipeline/share/wheel_rpm_pipeline/package.dsv'
[1.196s] INFO:colcon.colcon_core.shell:Creating package script '/home/ros_master/mukus_robotics/install/wheel_rpm_pipeline/share/wheel_rpm_pipeline/package.sh'
[1.197s] INFO:colcon.colcon_core.shell:Creating package script '/home/ros_master/mukus_robotics/install/wheel_rpm_pipeline/share/wheel_rpm_pipeline/package.bash'
[1.198s] INFO:colcon.colcon_core.shell:Creating package script '/home/ros_master/mukus_robotics/install/wheel_rpm_pipeline/share/wheel_rpm_pipeline/package.zsh'
[1.198s] Level 1:colcon.colcon_core.environment:create_file_with_runtime_dependencies(/home/ros_master/mukus_robotics/install/wheel_rpm_pipeline/share/colcon-core/packages/wheel_rpm_pipeline)
[1.199s] DEBUG:colcon.colcon_parallel_executor.executor.parallel:closing loop
[1.199s] DEBUG:colcon.colcon_parallel_executor.executor.parallel:loop closed
[1.199s] DEBUG:colcon.colcon_parallel_executor.executor.parallel:run_until_complete finished with '0'
[1.200s] DEBUG:colcon.colcon_core.event_reactor:joining thread
[1.214s] INFO:colcon.colcon_core.plugin_system:Skipping extension 'colcon_notification.desktop_notification.terminal_notifier': Not used on non-Darwin systems
[1.215s] INFO:colcon.colcon_core.plugin_system:Skipping extension 'colcon_notification.desktop_notification.win32': Not used on non-Windows systems
[1.215s] INFO:colcon.colcon_notification.desktop_notification:Sending desktop notification using 'notify2'
[1.250s] DEBUG:colcon.colcon_core.event_reactor:joined thread
[1.251s] INFO:colcon.colcon_core.shell:Creating prefix script '/home/ros_master/mukus_robotics/install/local_setup.ps1'
[1.255s] INFO:colcon.colcon_core.shell:Creating prefix util module '/home/ros_master/mukus_robotics/install/_local_setup_util_ps1.py'
[1.262s] INFO:colcon.colcon_core.shell:Creating prefix chain script '/home/ros_master/mukus_robotics/install/setup.ps1'
[1.265s] INFO:colcon.colcon_core.shell:Creating prefix script '/home/ros_master/mukus_robotics/install/local_setup.sh'
[1.268s] INFO:colcon.colcon_core.shell:Creating prefix util module '/home/ros_master/mukus_robotics/install/_local_setup_util_sh.py'
[1.270s] INFO:colcon.colcon_core.shell:Creating prefix chain script '/home/ros_master/mukus_robotics/install/setup.sh'
[1.274s] INFO:colcon.colcon_core.shell:Creating prefix script '/home/ros_master/mukus_robotics/install/local_setup.bash'
[1.276s] INFO:colcon.colcon_core.shell:Creating prefix chain script '/home/ros_master/mukus_robotics/install/setup.bash'
[1.279s] INFO:colcon.colcon_core.shell:Creating prefix script '/home/ros_master/mukus_robotics/install/local_setup.zsh'
[1.281s] INFO:colcon.colcon_core.shell:Creating prefix chain script '/home/ros_master/mukus_robotics/install/setup.zsh'
